Traceback (most recent call last):
  File "pronterface.py", line 66, in <module>
  File "printrun\pronterface.pyc", line 2296, in __init__
  File "printrun\pronterface.pyc", line 220, in __init__
  File "printrun\pronterface.pyc", line 279, in reload_ui
  File "printrun\gui\__init__.pyc", line 155, in createTabbedGui
  File "printrun\gui\controls.pyc", line 299, in add_extra_controls
  File "printrun\gui\controls.pyc", line 126, in add
  File "wx\_core.pyc", line 14086, in Add
wx._core.PyAssertionError: C++ assertion "!CheckForIntersection(item)" failed at ..\..\src\common\gbsizer.cpp(225) in wxGridBagSizer::Add(): An item is already at that position
Traceback (most recent call last):
  File "pronterface.py", line 66, in <module>
  File "printrun\pronterface.pyc", line 2296, in __init__
  File "printrun\pronterface.pyc", line 220, in __init__
  File "printrun\pronterface.pyc", line 279, in reload_ui
  File "printrun\gui\__init__.pyc", line 155, in createTabbedGui
  File "printrun\gui\controls.pyc", line 299, in add_extra_controls
  File "printrun\gui\controls.pyc", line 126, in add
  File "wx\_core.pyc", line 14086, in Add
wx._core.PyAssertionError: C++ assertion "!CheckForIntersection(item)" failed at ..\..\src\common\gbsizer.cpp(225) in wxGridBagSizer::Add(): An item is already at that position
Traceback (most recent call last):
  File "pronterface.py", line 66, in <module>
  File "printrun\pronterface.pyc", line 2296, in __init__
  File "printrun\pronterface.pyc", line 220, in __init__
  File "printrun\pronterface.pyc", line 279, in reload_ui
  File "printrun\gui\__init__.pyc", line 155, in createTabbedGui
  File "printrun\gui\controls.pyc", line 299, in add_extra_controls
  File "printrun\gui\controls.pyc", line 126, in add
  File "wx\_core.pyc", line 14086, in Add
wx._core.PyAssertionError: C++ assertion "!CheckForIntersection(item)" failed at ..\..\src\common\gbsizer.cpp(225) in wxGridBagSizer::Add(): An item is already at that position
